<?xml version="1.0" encoding="UTF-8"?>
<testng-results ignored="0" total="1" passed="1" failed="0" skipped="0">
  <reporter-output>
  </reporter-output>
  <suite started-at="2021-12-21T11:48:31 CST" name="Default suite" finished-at="2021-12-21T11:48:42 CST" duration-ms="10456">
    <groups>
    </groups>
    <test started-at="2021-12-21T11:48:31 CST" name="Default test" finished-at="2021-12-21T11:48:42 CST" duration-ms="10456">
      <class name="Com.SeleniumPartTwo.FaceBookLinks">
        <test-method is-config="true" signature="beforeTest()[pri:0, instance:Com.SeleniumPartTwo.FaceBookLinks@51dcb805]" started-at="2021-12-21T11:48:31 CST" name="beforeTest" finished-at="2021-12-21T11:48:37 CST" duration-ms="5474" status="PASS">
          <reporter-output>
          </reporter-output>
        </test-method> <!-- beforeTest -->
        <test-method signature="findlinks()[pri:0, instance:Com.SeleniumPartTwo.FaceBookLinks@51dcb805]" started-at="2021-12-21T11:48:37 CST" name="findlinks" finished-at="2021-12-21T11:48:37 CST" duration-ms="787" status="PASS">
          <reporter-output>
          </reporter-output>
        </test-method> <!-- findlinks -->
        <test-method is-config="true" signature="afterTest()[pri:0, instance:Com.SeleniumPartTwo.FaceBookLinks@51dcb805]" started-at="2021-12-21T11:48:37 CST" name="afterTest" finished-at="2021-12-21T11:48:42 CST" duration-ms="4173" status="PASS">
          <reporter-output>
          </reporter-output>
        </test-method> <!-- afterTest -->
      </class> <!-- Com.SeleniumPartTwo.FaceBookLinks -->
    </test> <!-- Default test -->
  </suite> <!-- Default suite -->
</testng-results>
